{
  "stats": {
    "suites": 1,
    "tests": 1,
    "passes": 0,
    "pending": 0,
    "failures": 1,
    "start": "2026-01-20T18:34:40.182Z",
    "end": "2026-01-20T18:34:54.918Z",
    "duration": 14736,
    "testsRegistered": 1,
    "passPercent": 0,
    "pendingPercent": 0,
    "other": 0,
    "hasOther": false,
    "skipped": 0,
    "hasSkipped": false
  },
  "results": [
    {
      "uuid": "b59f7145-bea7-47f8-ac59-7f7496a03efa",
      "title": "",
      "fullFile": "D:\\Bootcamp QA\\projekan_bank\\test_case\\tc03_bukatabungan.test.js",
      "file": "\\test_case\\tc03_bukatabungan.test.js",
      "beforeHooks": [],
      "afterHooks": [],
      "tests": [],
      "suites": [
        {
          "uuid": "ee8a3847-ce8f-452d-a516-4648c9c34dfe",
          "title": "Buka Tabungan",
          "fullFile": "D:\\Bootcamp QA\\projekan_bank\\test_case\\tc03_bukatabungan.test.js",
          "file": "\\test_case\\tc03_bukatabungan.test.js",
          "beforeHooks": [
            {
              "title": "\"before all\" hook in \"Buka Tabungan\"",
              "fullTitle": "Buka Tabungan \"before all\" hook in \"Buka Tabungan\"",
              "timedOut": false,
              "duration": 11350,
              "state": null,
              "speed": null,
              "pass": false,
              "fail": false,
              "pending": false,
              "context": null,
              "code": "driver = await new Builder()\n    .forBrowser('chrome')\n    .setChromeOptions(options)\n    .build();\nawait driver.manage().window().maximize();\nawait driver.get('https://parabank.parasoft.com/parabank/index.htm');\nconst pageLogin = new Login(driver);\nawait pageLogin.inputnamanya(\"rehan16\", \"123\");",
              "err": {},
              "uuid": "9383696b-4db5-4af6-941b-7e0c16d4cfa0",
              "parentUUID": "ee8a3847-ce8f-452d-a516-4648c9c34dfe",
              "isHook": true,
              "skipped": false
            }
          ],
          "afterHooks": [
            {
              "title": "\"after all\" hook in \"Buka Tabungan\"",
              "fullTitle": "Buka Tabungan \"after all\" hook in \"Buka Tabungan\"",
              "timedOut": false,
              "duration": 2125,
              "state": null,
              "speed": null,
              "pass": false,
              "fail": false,
              "pending": false,
              "context": null,
              "code": "await driver.sleep(2000);\nawait driver.quit();",
              "err": {},
              "uuid": "956416d5-1e58-46d8-9458-07f587197248",
              "parentUUID": "ee8a3847-ce8f-452d-a516-4648c9c34dfe",
              "isHook": true,
              "skipped": false
            }
          ],
          "tests": [
            {
              "title": "Buka Tabungan saving",
              "fullTitle": "Buka Tabungan Buka Tabungan saving",
              "timedOut": false,
              "duration": 1249,
              "state": "failed",
              "speed": null,
              "pass": false,
              "fail": true,
              "pending": false,
              "context": null,
              "code": "const pageTabungan = new openTabungan(driver);\nawait pageTabungan.klikSaving(\"1\", \"192424227\");\n//assert\nconst text = await pageTabungan.suksestf();\nassert.ok(text.includes('GAGAL MEMBUKA AKUN!'));\nlet full_ss = await driver.takeScreenshot();\nfs.writeFileSync('report_ss/buka_tabungan/savings_negative.png', Buffer.from(full_ss, 'base64'));",
              "err": {
                "message": "Error: Nomor account 192424227 tidak dikenali",
                "estack": "Error: Nomor account 192424227 tidak dikenali\n    at openTabungan.selectFromAccount (file:///D:/Bootcamp%20QA/projekan_bank/pom/pg_bukatabungan.js:42:19)\n    at process.processTicksAndRejections (node:internal/process/task_queues:105:5)\n    at async openTabungan.klikNewAccount (file:///D:/Bootcamp%20QA/projekan_bank/pom/pg_bukatabungan.js:53:9)\n    at async openTabungan.klikSaving (file:///D:/Bootcamp%20QA/projekan_bank/pom/pg_bukatabungan.js:67:9)\n    at async Context.<anonymous> (file:///D:/Bootcamp%20QA/projekan_bank/test_case/tc03_bukatabungan.test.js:77:9)",
                "diff": null
              },
              "uuid": "afafbfb5-96b2-41da-9d25-2ac0f7e22e8f",
              "parentUUID": "ee8a3847-ce8f-452d-a516-4648c9c34dfe",
              "isHook": false,
              "skipped": false
            }
          ],
          "suites": [],
          "passes": [],
          "failures": [
            "afafbfb5-96b2-41da-9d25-2ac0f7e22e8f"
          ],
          "pending": [],
          "skipped": [],
          "duration": 1249,
          "root": false,
          "rootEmpty": false,
          "_timeout": 50000
        }
      ],
      "passes": [],
      "failures": [],
      "pending": [],
      "skipped": [],
      "duration": 0,
      "root": true,
      "rootEmpty": true,
      "_timeout": 2000
    }
  ],
  "meta": {
    "mocha": {
      "version": "11.7.4"
    },
    "mochawesome": {
      "options": {
        "quiet": false,
        "reportFilename": "tc03_bukatabungan",
        "saveHtml": true,
        "saveJson": true,
        "consoleReporter": "spec",
        "useInlineDiffs": false,
        "code": true
      },
      "version": "7.1.4"
    },
    "marge": {
      "options": {
        "reportDir": "mochawesome-report/report_bukatabungan",
        "reportFilename": "tc03_bukatabungan"
      },
      "version": "6.3.0"
    }
  }
}