{
  "stats": {
    "suites": 5,
    "tests": 7,
    "passes": 7,
    "pending": 0,
    "failures": 0,
    "start": "2025-11-08T21:16:41.940Z",
    "end": "2025-11-08T21:17:18.193Z",
    "duration": 36253,
    "testsRegistered": 7,
    "passPercent": 100,
    "pendingPercent": 0,
    "other": 0,
    "hasOther": false,
    "skipped": 0,
    "hasSkipped": false
  },
  "results": [
    {
      "uuid": "b1a80be9-5f14-42bc-896a-6d3402ce5bb7",
      "title": "",
      "fullFile": "",
      "file": "",
      "beforeHooks": [],
      "afterHooks": [],
      "tests": [],
      "suites": [
        {
          "uuid": "142f22b6-27e4-41b3-a719-20cd6fb74f86",
          "title": "Login",
          "fullFile": "D:\\projekan\\test_case\\tc02_login.test.js",
          "file": "\\test_case\\tc02_login.test.js",
          "beforeHooks": [
            {
              "title": "\"before each\" hook in \"Login\"",
              "fullTitle": "Login \"before each\" hook in \"Login\"",
              "timedOut": false,
              "duration": 2247,
              "state": null,
              "speed": null,
              "pass": false,
              "fail": false,
              "pending": false,
              "context": null,
              "code": "driver = await new Builder()\n    .forBrowser('chrome')\n    .setChromeOptions(options)\n    .build();\nawait driver.manage().window().maximize();\nawait driver.get('https://parabank.parasoft.com/parabank/index.htm');",
              "err": {},
              "uuid": "86bfea12-4713-4893-b2c8-894b2905cba6",
              "parentUUID": "142f22b6-27e4-41b3-a719-20cd6fb74f86",
              "isHook": true,
              "skipped": false
            }
          ],
          "afterHooks": [
            {
              "title": "\"after each\" hook in \"Login\"",
              "fullTitle": "Login \"after each\" hook in \"Login\"",
              "timedOut": false,
              "duration": 2105,
              "state": null,
              "speed": null,
              "pass": false,
              "fail": false,
              "pending": false,
              "context": null,
              "code": "await driver.sleep(2000);\nawait driver.quit();",
              "err": {},
              "uuid": "cf8c3c91-9874-4d16-a665-7f6bc6ce3716",
              "parentUUID": "142f22b6-27e4-41b3-a719-20cd6fb74f86",
              "isHook": true,
              "skipped": false
            }
          ],
          "tests": [
            {
              "title": "Login",
              "fullTitle": "Login Login",
              "timedOut": false,
              "duration": 1297,
              "state": "passed",
              "speed": "slow",
              "pass": true,
              "fail": false,
              "pending": false,
              "context": null,
              "code": "const pageLogin = new Login(driver);\nawait pageLogin.inputnamanya(\"rehan001\", \"123\");\nconst isDisplayed = await pageLogin.akunOverview();\nassert.ok(isDisplayed.includes('Accounts Overview'));\nlet full_ss = await driver.takeScreenshot();\nfs.writeFileSync('report_ss/login/success_login.png', Buffer.from(full_ss, 'base64'));",
              "err": {},
              "uuid": "c7d0ed1a-f49d-4d0a-b473-a89d969ae334",
              "parentUUID": "142f22b6-27e4-41b3-a719-20cd6fb74f86",
              "isHook": false,
              "skipped": false
            }
          ],
          "suites": [],
          "passes": [
            "c7d0ed1a-f49d-4d0a-b473-a89d969ae334"
          ],
          "failures": [],
          "pending": [],
          "skipped": [],
          "duration": 1297,
          "root": false,
          "rootEmpty": false,
          "_timeout": 50000
        },
        {
          "uuid": "9850da67-0d19-411c-aa83-a94d91eaab55",
          "title": "Buka Tabungan",
          "fullFile": "D:\\projekan\\test_case\\tc03_bukatabungan.test.js",
          "file": "\\test_case\\tc03_bukatabungan.test.js",
          "beforeHooks": [
            {
              "title": "\"before all\" hook in \"Buka Tabungan\"",
              "fullTitle": "Buka Tabungan \"before all\" hook in \"Buka Tabungan\"",
              "timedOut": false,
              "duration": 4096,
              "state": null,
              "speed": null,
              "pass": false,
              "fail": false,
              "pending": false,
              "context": null,
              "code": "driver = await new Builder()\n    .forBrowser('chrome')\n    .setChromeOptions(options)\n    .build();\nawait driver.manage().window().maximize();\nawait driver.get('https://parabank.parasoft.com/parabank/index.htm');\nconst pageLogin = new Login(driver);\nawait pageLogin.inputnamanya(\"rehan16\", \"123\");",
              "err": {},
              "uuid": "209b1916-f4e0-48bf-85ec-6a3da0221a23",
              "parentUUID": "9850da67-0d19-411c-aa83-a94d91eaab55",
              "isHook": true,
              "skipped": false
            }
          ],
          "afterHooks": [
            {
              "title": "\"after all\" hook in \"Buka Tabungan\"",
              "fullTitle": "Buka Tabungan \"after all\" hook in \"Buka Tabungan\"",
              "timedOut": false,
              "duration": 2086,
              "state": null,
              "speed": null,
              "pass": false,
              "fail": false,
              "pending": false,
              "context": null,
              "code": "await driver.sleep(2000);\nawait driver.quit();",
              "err": {},
              "uuid": "175428ea-99bf-4a58-9412-2bf5dfb2f050",
              "parentUUID": "9850da67-0d19-411c-aa83-a94d91eaab55",
              "isHook": true,
              "skipped": false
            }
          ],
          "tests": [
            {
              "title": "Buka Tabungan checking",
              "fullTitle": "Buka Tabungan Buka Tabungan checking",
              "timedOut": false,
              "duration": 1610,
              "state": "passed",
              "speed": "slow",
              "pass": true,
              "fail": false,
              "pending": false,
              "context": null,
              "code": "const pageTabungan = new openTabungan(driver);\nawait pageTabungan.klikChecking(\"0\", \"21780\");\n//assert\nconst text = await pageTabungan.suksestf();\n// console.log(\"DEBUG: teks yang muncul =\", text);\nassert.ok(text.includes('Account Opened!'), 'akun gagal dibuat');\nlet full_ss = await driver.takeScreenshot();\nfs.writeFileSync('report_ss/buka_tabungan/checking.png', Buffer.from(full_ss, 'base64'));",
              "err": {},
              "uuid": "bdbf883c-3d50-4bfb-9b7f-f8199bf20c00",
              "parentUUID": "9850da67-0d19-411c-aa83-a94d91eaab55",
              "isHook": false,
              "skipped": false
            },
            {
              "title": "Buka Tabungan saving",
              "fullTitle": "Buka Tabungan Buka Tabungan saving",
              "timedOut": false,
              "duration": 1175,
              "state": "passed",
              "speed": "slow",
              "pass": true,
              "fail": false,
              "pending": false,
              "context": null,
              "code": "const pageTabungan = new openTabungan(driver);\nawait pageTabungan.klikSaving(\"1\", \"21780\");\n//assert\nconst text = await pageTabungan.suksestf();\nassert.ok(text.includes('Account Opened!'), 'akun gagal dibuat');\nlet full_ss = await driver.takeScreenshot();\nfs.writeFileSync('report_ss/buka_tabungan/savings.png', Buffer.from(full_ss, 'base64'));",
              "err": {},
              "uuid": "8cba2b33-bfc0-4ee4-be1b-dc6c643faa2b",
              "parentUUID": "9850da67-0d19-411c-aa83-a94d91eaab55",
              "isHook": false,
              "skipped": false
            }
          ],
          "suites": [],
          "passes": [
            "bdbf883c-3d50-4bfb-9b7f-f8199bf20c00",
            "8cba2b33-bfc0-4ee4-be1b-dc6c643faa2b"
          ],
          "failures": [],
          "pending": [],
          "skipped": [],
          "duration": 2785,
          "root": false,
          "rootEmpty": false,
          "_timeout": 50000
        },
        {
          "uuid": "5a682a20-3ed7-4020-8720-a2a4496152ec",
          "title": "Transfer",
          "fullFile": "D:\\projekan\\test_case\\tc04_transfer.test.js",
          "file": "\\test_case\\tc04_transfer.test.js",
          "beforeHooks": [
            {
              "title": "\"before all\" hook in \"Transfer\"",
              "fullTitle": "Transfer \"before all\" hook in \"Transfer\"",
              "timedOut": false,
              "duration": 3410,
              "state": null,
              "speed": null,
              "pass": false,
              "fail": false,
              "pending": false,
              "context": null,
              "code": "driver = await new Builder()\n    .forBrowser('chrome')\n    .setChromeOptions(options)\n    .build();\nawait driver.manage().window().maximize();\nawait driver.get('https://parabank.parasoft.com/parabank/index.htm');\nconst pageLogin = new Login(driver);\nawait pageLogin.inputnamanya(\"rehan16\", \"123\");",
              "err": {},
              "uuid": "f4e7db50-bffb-4d60-a222-6712bbb7176b",
              "parentUUID": "5a682a20-3ed7-4020-8720-a2a4496152ec",
              "isHook": true,
              "skipped": false
            }
          ],
          "afterHooks": [
            {
              "title": "\"after all\" hook in \"Transfer\"",
              "fullTitle": "Transfer \"after all\" hook in \"Transfer\"",
              "timedOut": false,
              "duration": 2104,
              "state": null,
              "speed": null,
              "pass": false,
              "fail": false,
              "pending": false,
              "context": null,
              "code": "await driver.sleep(2000);\nawait driver.quit();",
              "err": {},
              "uuid": "ce08ac60-20cb-4fa0-8bd4-c52cfefd3271",
              "parentUUID": "5a682a20-3ed7-4020-8720-a2a4496152ec",
              "isHook": true,
              "skipped": false
            }
          ],
          "tests": [
            {
              "title": "Transer",
              "fullTitle": "Transfer Transer",
              "timedOut": false,
              "duration": 1365,
              "state": "passed",
              "speed": "slow",
              "pass": true,
              "fail": false,
              "pending": false,
              "context": null,
              "code": "const pageTransfer = new formtransfer(driver);\nawait pageTransfer.Istransfersuccses(\"10\", \"21780\", \"23334\");\nconst text = await pageTransfer.suksestf();\n// console.log(\"DEBUG: teks yang muncul =\", text);\nassert.ok(text.includes('Transfer Complete!'), 'transfer gagal');\nlet full_ss = await driver.takeScreenshot();\nfs.writeFileSync('report_ss/transfer/sukses_tf.png', Buffer.from(full_ss, 'base64'));",
              "err": {},
              "uuid": "cf1d7b04-de47-4f85-ad47-248973f65647",
              "parentUUID": "5a682a20-3ed7-4020-8720-a2a4496152ec",
              "isHook": false,
              "skipped": false
            }
          ],
          "suites": [],
          "passes": [
            "cf1d7b04-de47-4f85-ad47-248973f65647"
          ],
          "failures": [],
          "pending": [],
          "skipped": [],
          "duration": 1365,
          "root": false,
          "rootEmpty": false,
          "_timeout": 10000
        },
        {
          "uuid": "062376f4-6963-4aec-aa3b-7ab744936ef3",
          "title": "Histori Transfer",
          "fullFile": "D:\\projekan\\test_case\\tc05_historiTransfer.test.js",
          "file": "\\test_case\\tc05_historiTransfer.test.js",
          "beforeHooks": [
            {
              "title": "\"before all\" hook in \"Histori Transfer\"",
              "fullTitle": "Histori Transfer \"before all\" hook in \"Histori Transfer\"",
              "timedOut": false,
              "duration": 3768,
              "state": null,
              "speed": null,
              "pass": false,
              "fail": false,
              "pending": false,
              "context": null,
              "code": "driver = await new Builder()\n    .forBrowser('chrome')\n    .setChromeOptions(options)\n    .build();\nawait driver.manage().window().maximize();\nawait driver.get('https://parabank.parasoft.com/parabank/index.htm');\nconst pageLogin = new Login(driver);\nawait pageLogin.inputnamanya(\"rehan16\", \"123\");",
              "err": {},
              "uuid": "ec485457-deba-4d23-bd3f-fae763281dfb",
              "parentUUID": "062376f4-6963-4aec-aa3b-7ab744936ef3",
              "isHook": true,
              "skipped": false
            }
          ],
          "afterHooks": [
            {
              "title": "\"after all\" hook in \"Histori Transfer\"",
              "fullTitle": "Histori Transfer \"after all\" hook in \"Histori Transfer\"",
              "timedOut": false,
              "duration": 2092,
              "state": null,
              "speed": null,
              "pass": false,
              "fail": false,
              "pending": false,
              "context": null,
              "code": "await driver.sleep(2000);\nawait driver.quit();",
              "err": {},
              "uuid": "59e1f794-a3e2-42d1-9b4b-a1cce5e760c6",
              "parentUUID": "062376f4-6963-4aec-aa3b-7ab744936ef3",
              "isHook": true,
              "skipped": false
            }
          ],
          "tests": [
            {
              "title": "Histori transfer",
              "fullTitle": "Histori Transfer Histori transfer",
              "timedOut": false,
              "duration": 1331,
              "state": "passed",
              "speed": "slow",
              "pass": true,
              "fail": false,
              "pending": false,
              "context": null,
              "code": "const PageRiwayat = new Historitf(driver);\nawait PageRiwayat.riwayatTf(\"21780\", \"10\");\nconst isDisplayed = await PageRiwayat.viewDisplay();\nassert.ok(isDisplayed.includes('Transaction Results'));\nlet full_ss = await driver.takeScreenshot();\nfs.writeFileSync('report_ss/histori_tf/result_transaction.png', Buffer.from(full_ss, 'base64'));",
              "err": {},
              "uuid": "a1dfebcd-fcb3-4527-ad22-68755f5e7043",
              "parentUUID": "062376f4-6963-4aec-aa3b-7ab744936ef3",
              "isHook": false,
              "skipped": false
            }
          ],
          "suites": [],
          "passes": [
            "a1dfebcd-fcb3-4527-ad22-68755f5e7043"
          ],
          "failures": [],
          "pending": [],
          "skipped": [],
          "duration": 1331,
          "root": false,
          "rootEmpty": false,
          "_timeout": 50000
        },
        {
          "uuid": "4dd6f382-31dc-489d-b5c3-12f5dd1c6c1f",
          "title": "Pinjaman",
          "fullFile": "D:\\projekan\\test_case\\tc06_pinjaman.test.js",
          "file": "\\test_case\\tc06_pinjaman.test.js",
          "beforeHooks": [
            {
              "title": "\"before all\" hook in \"Pinjaman\"",
              "fullTitle": "Pinjaman \"before all\" hook in \"Pinjaman\"",
              "timedOut": false,
              "duration": 3159,
              "state": null,
              "speed": null,
              "pass": false,
              "fail": false,
              "pending": false,
              "context": null,
              "code": "driver = await new Builder()\n    .forBrowser('chrome')\n    .setChromeOptions(options)\n    .build();\nawait driver.manage().window().maximize();\nawait driver.get('https://parabank.parasoft.com/parabank/index.htm');\nconst baru1 = new Login(driver);\nawait baru1.inputnamanya(\"rehan16\", \"123\");",
              "err": {},
              "uuid": "30f902f9-6794-40d7-9ca6-677eee6bd995",
              "parentUUID": "4dd6f382-31dc-489d-b5c3-12f5dd1c6c1f",
              "isHook": true,
              "skipped": false
            }
          ],
          "afterHooks": [
            {
              "title": "\"after all\" hook in \"Pinjaman\"",
              "fullTitle": "Pinjaman \"after all\" hook in \"Pinjaman\"",
              "timedOut": false,
              "duration": 2055,
              "state": null,
              "speed": null,
              "pass": false,
              "fail": false,
              "pending": false,
              "context": null,
              "code": "await driver.sleep(2000);\nawait driver.quit();",
              "err": {},
              "uuid": "736462a8-e521-420e-bb97-3737b6f2898d",
              "parentUUID": "4dd6f382-31dc-489d-b5c3-12f5dd1c6c1f",
              "isHook": true,
              "skipped": false
            }
          ],
          "tests": [
            {
              "title": "Pinjaman Disetujui",
              "fullTitle": "Pinjaman Pinjaman Disetujui",
              "timedOut": false,
              "duration": 1196,
              "state": "passed",
              "speed": "slow",
              "pass": true,
              "fail": false,
              "pending": false,
              "context": null,
              "code": "const page_pinjaman = new pagePinjaman(driver);\nconst inputto = await page_pinjaman.isLoanSucces(\"100\", \"10\", \"21780\");\nassert.ok(inputto.resultTitle.includes('Approved'), 'gagal di approve');\nconsole.log(\"Status:\", inputto.resultTitle);\nlet full_ss = await driver.takeScreenshot();\nfs.writeFileSync('report_ss/pinjaman/loan_approve.png', Buffer.from(full_ss, 'base64'));",
              "err": {},
              "uuid": "12cc758c-57bc-4c75-ba6d-ed45c8b78b4c",
              "parentUUID": "4dd6f382-31dc-489d-b5c3-12f5dd1c6c1f",
              "isHook": false,
              "skipped": false
            },
            {
              "title": "Pinjaman Ditolak",
              "fullTitle": "Pinjaman Pinjaman Ditolak",
              "timedOut": false,
              "duration": 1136,
              "state": "passed",
              "speed": "slow",
              "pass": true,
              "fail": false,
              "pending": false,
              "context": null,
              "code": "const page_pinjaman = new pagePinjaman(driver);\nconst inputto = await page_pinjaman.isLoanSucces(\"10000000\", \"10\", \"21780\");\nassert.ok(inputto.resultTitle.includes('Denied'), 'gagal di denied');\nconsole.log(\"Status:\", inputto.resultTitle); //assert\nlet full_ss = await driver.takeScreenshot();\nfs.writeFileSync('report_ss/pinjaman/loan_denied.png', Buffer.from(full_ss, 'base64'));",
              "err": {},
              "uuid": "6091e295-1f74-4032-ab64-7b9ab5b520dd",
              "parentUUID": "4dd6f382-31dc-489d-b5c3-12f5dd1c6c1f",
              "isHook": false,
              "skipped": false
            }
          ],
          "suites": [],
          "passes": [
            "12cc758c-57bc-4c75-ba6d-ed45c8b78b4c",
            "6091e295-1f74-4032-ab64-7b9ab5b520dd"
          ],
          "failures": [],
          "pending": [],
          "skipped": [],
          "duration": 2332,
          "root": false,
          "rootEmpty": false,
          "_timeout": 50000
        }
      ],
      "passes": [],
      "failures": [],
      "pending": [],
      "skipped": [],
      "duration": 0,
      "root": true,
      "rootEmpty": true,
      "_timeout": 2000
    }
  ],
  "meta": {
    "mocha": {
      "version": "11.7.4"
    },
    "mochawesome": {
      "options": {
        "quiet": false,
        "reportFilename": "report_all",
        "saveHtml": true,
        "saveJson": true,
        "consoleReporter": "spec",
        "useInlineDiffs": false,
        "code": true
      },
      "version": "7.1.4"
    },
    "marge": {
      "options": {
        "reportDir": "mochawesome-report/report_all",
        "reportFilename": "report_all"
      },
      "version": "6.3.0"
    }
  }
}