{
  "stats": {
    "suites": 5,
    "tests": 7,
    "passes": 7,
    "pending": 0,
    "failures": 0,
    "start": "2025-11-08T21:12:29.275Z",
    "end": "2025-11-08T21:13:05.570Z",
    "duration": 36295,
    "testsRegistered": 7,
    "passPercent": 100,
    "pendingPercent": 0,
    "other": 0,
    "hasOther": false,
    "skipped": 0,
    "hasSkipped": false
  },
  "results": [
    {
      "uuid": "e2f656fd-92f9-4d4d-b064-3aa6987364ef",
      "title": "",
      "fullFile": "",
      "file": "",
      "beforeHooks": [],
      "afterHooks": [],
      "tests": [],
      "suites": [
        {
          "uuid": "2b604d9b-55cc-4297-9db2-980e50d8b37a",
          "title": "Login",
          "fullFile": "D:\\projekan\\test_case\\tc02_login.test.js",
          "file": "\\test_case\\tc02_login.test.js",
          "beforeHooks": [
            {
              "title": "\"before each\" hook in \"Login\"",
              "fullTitle": "Login \"before each\" hook in \"Login\"",
              "timedOut": false,
              "duration": 3919,
              "state": null,
              "speed": null,
              "pass": false,
              "fail": false,
              "pending": false,
              "context": null,
              "code": "driver = await new Builder()\n    .forBrowser('chrome')\n    .setChromeOptions(options)\n    .build();\nawait driver.manage().window().maximize();\nawait driver.get('https://parabank.parasoft.com/parabank/index.htm');",
              "err": {},
              "uuid": "3972bb1b-5503-4d93-962d-d4ddf53f9ebb",
              "parentUUID": "2b604d9b-55cc-4297-9db2-980e50d8b37a",
              "isHook": true,
              "skipped": false
            }
          ],
          "afterHooks": [
            {
              "title": "\"after each\" hook in \"Login\"",
              "fullTitle": "Login \"after each\" hook in \"Login\"",
              "timedOut": false,
              "duration": 2069,
              "state": null,
              "speed": null,
              "pass": false,
              "fail": false,
              "pending": false,
              "context": null,
              "code": "await driver.sleep(2000);\nawait driver.quit();",
              "err": {},
              "uuid": "9071b289-2b5e-42e2-83d6-6e4a6152b745",
              "parentUUID": "2b604d9b-55cc-4297-9db2-980e50d8b37a",
              "isHook": true,
              "skipped": false
            }
          ],
          "tests": [
            {
              "title": "Login",
              "fullTitle": "Login Login",
              "timedOut": false,
              "duration": 2112,
              "state": "passed",
              "speed": "slow",
              "pass": true,
              "fail": false,
              "pending": false,
              "context": null,
              "code": "const pageLogin = new Login(driver);\nawait pageLogin.inputnamanya(\"rehan001\", \"123\");\nconst isDisplayed = await pageLogin.akunOverview();\nassert.ok(isDisplayed.includes('Accounts Overview'));\nlet full_ss = await driver.takeScreenshot();\nfs.writeFileSync('report_ss/login/success_login.png', Buffer.from(full_ss, 'base64'));",
              "err": {},
              "uuid": "afc81ac4-2cd3-4b89-b8fe-cbd8896e1811",
              "parentUUID": "2b604d9b-55cc-4297-9db2-980e50d8b37a",
              "isHook": false,
              "skipped": false
            }
          ],
          "suites": [],
          "passes": [
            "afc81ac4-2cd3-4b89-b8fe-cbd8896e1811"
          ],
          "failures": [],
          "pending": [],
          "skipped": [],
          "duration": 2112,
          "root": false,
          "rootEmpty": false,
          "_timeout": 50000
        },
        {
          "uuid": "ef1daa04-0fc1-4d45-b661-f67c6b9b6729",
          "title": "Buka Tabungan",
          "fullFile": "D:\\projekan\\test_case\\tc03_bukatabungan.test.js",
          "file": "\\test_case\\tc03_bukatabungan.test.js",
          "beforeHooks": [
            {
              "title": "\"before all\" hook in \"Buka Tabungan\"",
              "fullTitle": "Buka Tabungan \"before all\" hook in \"Buka Tabungan\"",
              "timedOut": false,
              "duration": 3181,
              "state": null,
              "speed": null,
              "pass": false,
              "fail": false,
              "pending": false,
              "context": null,
              "code": "driver = await new Builder()\n    .forBrowser('chrome')\n    .setChromeOptions(options)\n    .build();\nawait driver.manage().window().maximize();\nawait driver.get('https://parabank.parasoft.com/parabank/index.htm');\nconst pageLogin = new Login(driver);\nawait pageLogin.inputnamanya(\"rehan16\", \"123\");",
              "err": {},
              "uuid": "05a23fc4-edbc-43b3-86f3-632f53eb7c3c",
              "parentUUID": "ef1daa04-0fc1-4d45-b661-f67c6b9b6729",
              "isHook": true,
              "skipped": false
            }
          ],
          "afterHooks": [
            {
              "title": "\"after all\" hook in \"Buka Tabungan\"",
              "fullTitle": "Buka Tabungan \"after all\" hook in \"Buka Tabungan\"",
              "timedOut": false,
              "duration": 2093,
              "state": null,
              "speed": null,
              "pass": false,
              "fail": false,
              "pending": false,
              "context": null,
              "code": "await driver.sleep(2000);\nawait driver.quit();",
              "err": {},
              "uuid": "7e4faa94-f592-4108-9764-28e65cbb1a8b",
              "parentUUID": "ef1daa04-0fc1-4d45-b661-f67c6b9b6729",
              "isHook": true,
              "skipped": false
            }
          ],
          "tests": [
            {
              "title": "Buka Tabungan checking",
              "fullTitle": "Buka Tabungan Buka Tabungan checking",
              "timedOut": false,
              "duration": 1326,
              "state": "passed",
              "speed": "slow",
              "pass": true,
              "fail": false,
              "pending": false,
              "context": null,
              "code": "const pageTabungan = new openTabungan(driver);\nawait pageTabungan.klikChecking(\"0\", \"21780\");\n//assert\nconst text = await pageTabungan.suksestf();\n// console.log(\"DEBUG: teks yang muncul =\", text);\nassert.ok(text.includes('Account Opened!'), 'akun gagal dibuat');\nlet full_ss = await driver.takeScreenshot();\nfs.writeFileSync('report_ss/buka_tabungan/checking.png', Buffer.from(full_ss, 'base64'));",
              "err": {},
              "uuid": "8c940d34-6caf-4a59-9df2-347125a69a89",
              "parentUUID": "ef1daa04-0fc1-4d45-b661-f67c6b9b6729",
              "isHook": false,
              "skipped": false
            },
            {
              "title": "Buka Tabungan saving",
              "fullTitle": "Buka Tabungan Buka Tabungan saving",
              "timedOut": false,
              "duration": 1044,
              "state": "passed",
              "speed": "slow",
              "pass": true,
              "fail": false,
              "pending": false,
              "context": null,
              "code": "const pageTabungan = new openTabungan(driver);\nawait pageTabungan.klikSaving(\"1\", \"21780\");\n//assert\nconst text = await pageTabungan.suksestf();\nassert.ok(text.includes('Account Opened!'), 'akun gagal dibuat');\nlet full_ss = await driver.takeScreenshot();\nfs.writeFileSync('report_ss/buka_tabungan/savings.png', Buffer.from(full_ss, 'base64'));",
              "err": {},
              "uuid": "6dface18-fd80-44c0-b0e4-5bd32f1ae45c",
              "parentUUID": "ef1daa04-0fc1-4d45-b661-f67c6b9b6729",
              "isHook": false,
              "skipped": false
            }
          ],
          "suites": [],
          "passes": [
            "8c940d34-6caf-4a59-9df2-347125a69a89",
            "6dface18-fd80-44c0-b0e4-5bd32f1ae45c"
          ],
          "failures": [],
          "pending": [],
          "skipped": [],
          "duration": 2370,
          "root": false,
          "rootEmpty": false,
          "_timeout": 50000
        },
        {
          "uuid": "a059c417-0845-4008-88ed-8419b91a9f3e",
          "title": "Transfer",
          "fullFile": "D:\\projekan\\test_case\\tc04_transfer.test.js",
          "file": "\\test_case\\tc04_transfer.test.js",
          "beforeHooks": [
            {
              "title": "\"before all\" hook in \"Transfer\"",
              "fullTitle": "Transfer \"before all\" hook in \"Transfer\"",
              "timedOut": false,
              "duration": 2489,
              "state": null,
              "speed": null,
              "pass": false,
              "fail": false,
              "pending": false,
              "context": null,
              "code": "driver = await new Builder()\n    .forBrowser('chrome')\n    .setChromeOptions(options)\n    .build();\nawait driver.manage().window().maximize();\nawait driver.get('https://parabank.parasoft.com/parabank/index.htm');\nconst pageLogin = new Login(driver);\nawait pageLogin.inputnamanya(\"rehan16\", \"123\");",
              "err": {},
              "uuid": "5c3f2b24-36a5-460b-83e1-9ea232177a1d",
              "parentUUID": "a059c417-0845-4008-88ed-8419b91a9f3e",
              "isHook": true,
              "skipped": false
            }
          ],
          "afterHooks": [
            {
              "title": "\"after all\" hook in \"Transfer\"",
              "fullTitle": "Transfer \"after all\" hook in \"Transfer\"",
              "timedOut": false,
              "duration": 2107,
              "state": null,
              "speed": null,
              "pass": false,
              "fail": false,
              "pending": false,
              "context": null,
              "code": "await driver.sleep(2000);\nawait driver.quit();",
              "err": {},
              "uuid": "4792702a-3b38-4ef6-9544-c07a153712b8",
              "parentUUID": "a059c417-0845-4008-88ed-8419b91a9f3e",
              "isHook": true,
              "skipped": false
            }
          ],
          "tests": [
            {
              "title": "Transer",
              "fullTitle": "Transfer Transer",
              "timedOut": false,
              "duration": 1868,
              "state": "passed",
              "speed": "slow",
              "pass": true,
              "fail": false,
              "pending": false,
              "context": null,
              "code": "const pageTransfer = new formtransfer(driver);\nawait pageTransfer.Istransfersuccses(\"10\", \"21780\", \"23334\");\nconst text = await pageTransfer.suksestf();\n// console.log(\"DEBUG: teks yang muncul =\", text);\nassert.ok(text.includes('Transfer Complete!'), 'transfer gagal');\nlet full_ss = await driver.takeScreenshot();\nfs.writeFileSync('report_ss/transfer/sukses_tf.png', Buffer.from(full_ss, 'base64'));",
              "err": {},
              "uuid": "8cc26bc6-5629-4670-b714-9dec64916189",
              "parentUUID": "a059c417-0845-4008-88ed-8419b91a9f3e",
              "isHook": false,
              "skipped": false
            }
          ],
          "suites": [],
          "passes": [
            "8cc26bc6-5629-4670-b714-9dec64916189"
          ],
          "failures": [],
          "pending": [],
          "skipped": [],
          "duration": 1868,
          "root": false,
          "rootEmpty": false,
          "_timeout": 10000
        },
        {
          "uuid": "584831b6-ee52-45f4-8bfa-4ba71d05786c",
          "title": "Histori Transfer",
          "fullFile": "D:\\projekan\\test_case\\tc05_historiTransfer.test.js",
          "file": "\\test_case\\tc05_historiTransfer.test.js",
          "beforeHooks": [
            {
              "title": "\"before all\" hook in \"Histori Transfer\"",
              "fullTitle": "Histori Transfer \"before all\" hook in \"Histori Transfer\"",
              "timedOut": false,
              "duration": 3088,
              "state": null,
              "speed": null,
              "pass": false,
              "fail": false,
              "pending": false,
              "context": null,
              "code": "driver = await new Builder()\n    .forBrowser('chrome')\n    .setChromeOptions(options)\n    .build();\nawait driver.manage().window().maximize();\nawait driver.get('https://parabank.parasoft.com/parabank/index.htm');\nconst pageLogin = new Login(driver);\nawait pageLogin.inputnamanya(\"rehan16\", \"123\");",
              "err": {},
              "uuid": "fc5826a5-637b-4ab3-a56e-71857af6ddaf",
              "parentUUID": "584831b6-ee52-45f4-8bfa-4ba71d05786c",
              "isHook": true,
              "skipped": false
            }
          ],
          "afterHooks": [
            {
              "title": "\"after all\" hook in \"Histori Transfer\"",
              "fullTitle": "Histori Transfer \"after all\" hook in \"Histori Transfer\"",
              "timedOut": false,
              "duration": 2082,
              "state": null,
              "speed": null,
              "pass": false,
              "fail": false,
              "pending": false,
              "context": null,
              "code": "await driver.sleep(2000);\nawait driver.quit();",
              "err": {},
              "uuid": "c6dd0421-8c46-4d9e-9f02-9f1dbcaef995",
              "parentUUID": "584831b6-ee52-45f4-8bfa-4ba71d05786c",
              "isHook": true,
              "skipped": false
            }
          ],
          "tests": [
            {
              "title": "Histori transfer",
              "fullTitle": "Histori Transfer Histori transfer",
              "timedOut": false,
              "duration": 1104,
              "state": "passed",
              "speed": "slow",
              "pass": true,
              "fail": false,
              "pending": false,
              "context": null,
              "code": "const PageRiwayat = new Historitf(driver);\nawait PageRiwayat.riwayatTf(\"21780\", \"10\");\nconst isDisplayed = await PageRiwayat.viewDisplay();\nassert.ok(isDisplayed.includes('Transaction Results'));\nlet full_ss = await driver.takeScreenshot();\nfs.writeFileSync('report_ss/histori_tf/result_transaction.png', Buffer.from(full_ss, 'base64'));",
              "err": {},
              "uuid": "3782947c-3042-45ca-934c-6965398ee92c",
              "parentUUID": "584831b6-ee52-45f4-8bfa-4ba71d05786c",
              "isHook": false,
              "skipped": false
            }
          ],
          "suites": [],
          "passes": [
            "3782947c-3042-45ca-934c-6965398ee92c"
          ],
          "failures": [],
          "pending": [],
          "skipped": [],
          "duration": 1104,
          "root": false,
          "rootEmpty": false,
          "_timeout": 50000
        },
        {
          "uuid": "e633cbd2-b70b-4797-9521-ed4b1dbf24a6",
          "title": "Pinjaman",
          "fullFile": "D:\\projekan\\test_case\\tc06_pinjaman.test.js",
          "file": "\\test_case\\tc06_pinjaman.test.js",
          "beforeHooks": [
            {
              "title": "\"before all\" hook in \"Pinjaman\"",
              "fullTitle": "Pinjaman \"before all\" hook in \"Pinjaman\"",
              "timedOut": false,
              "duration": 2988,
              "state": null,
              "speed": null,
              "pass": false,
              "fail": false,
              "pending": false,
              "context": null,
              "code": "driver = await new Builder()\n    .forBrowser('chrome')\n    .setChromeOptions(options)\n    .build();\nawait driver.manage().window().maximize();\nawait driver.get('https://parabank.parasoft.com/parabank/index.htm');\nconst baru1 = new Login(driver);\nawait baru1.inputnamanya(\"rehan16\", \"123\");",
              "err": {},
              "uuid": "312d4efc-1636-43e6-ba94-2ee3e8ecffe6",
              "parentUUID": "e633cbd2-b70b-4797-9521-ed4b1dbf24a6",
              "isHook": true,
              "skipped": false
            }
          ],
          "afterHooks": [
            {
              "title": "\"after all\" hook in \"Pinjaman\"",
              "fullTitle": "Pinjaman \"after all\" hook in \"Pinjaman\"",
              "timedOut": false,
              "duration": 2093,
              "state": null,
              "speed": null,
              "pass": false,
              "fail": false,
              "pending": false,
              "context": null,
              "code": "await driver.sleep(2000);\nawait driver.quit();",
              "err": {},
              "uuid": "596d7c49-5989-4a13-a8bf-5117535d3ec1",
              "parentUUID": "e633cbd2-b70b-4797-9521-ed4b1dbf24a6",
              "isHook": true,
              "skipped": false
            }
          ],
          "tests": [
            {
              "title": "Pinjaman Disetujui",
              "fullTitle": "Pinjaman Pinjaman Disetujui",
              "timedOut": false,
              "duration": 1415,
              "state": "passed",
              "speed": "slow",
              "pass": true,
              "fail": false,
              "pending": false,
              "context": null,
              "code": "const page_pinjaman = new pagePinjaman(driver);\nconst inputto = await page_pinjaman.isLoanSucces(\"100\", \"10\", \"21780\");\nassert.ok(inputto.resultTitle.includes('Approved'), 'gagal di approve');\nconsole.log(\"Status:\", inputto.resultTitle);\nlet full_ss = await driver.takeScreenshot();\nfs.writeFileSync('report_ss/pinjaman/loan_approve.png', Buffer.from(full_ss, 'base64'));",
              "err": {},
              "uuid": "9f897793-1535-425c-8a2b-4cf8a6b17070",
              "parentUUID": "e633cbd2-b70b-4797-9521-ed4b1dbf24a6",
              "isHook": false,
              "skipped": false
            },
            {
              "title": "Pinjaman Ditolak",
              "fullTitle": "Pinjaman Pinjaman Ditolak",
              "timedOut": false,
              "duration": 1299,
              "state": "passed",
              "speed": "slow",
              "pass": true,
              "fail": false,
              "pending": false,
              "context": null,
              "code": "const page_pinjaman = new pagePinjaman(driver);\nconst inputto = await page_pinjaman.isLoanSucces(\"10000000\", \"10\", \"21780\");\nassert.ok(inputto.resultTitle.includes('Denied'), 'gagal di denied');\nconsole.log(\"Status:\", inputto.resultTitle); //assert\nlet full_ss = await driver.takeScreenshot();\nfs.writeFileSync('report_ss/pinjaman/loan_denied.png', Buffer.from(full_ss, 'base64'));",
              "err": {},
              "uuid": "f80604bc-cfcb-41bc-80cf-a52cc0802da0",
              "parentUUID": "e633cbd2-b70b-4797-9521-ed4b1dbf24a6",
              "isHook": false,
              "skipped": false
            }
          ],
          "suites": [],
          "passes": [
            "9f897793-1535-425c-8a2b-4cf8a6b17070",
            "f80604bc-cfcb-41bc-80cf-a52cc0802da0"
          ],
          "failures": [],
          "pending": [],
          "skipped": [],
          "duration": 2714,
          "root": false,
          "rootEmpty": false,
          "_timeout": 50000
        }
      ],
      "passes": [],
      "failures": [],
      "pending": [],
      "skipped": [],
      "duration": 0,
      "root": true,
      "rootEmpty": true,
      "_timeout": 2000
    }
  ],
  "meta": {
    "mocha": {
      "version": "11.7.4"
    },
    "mochawesome": {
      "options": {
        "quiet": false,
        "reportFilename": "report_all",
        "saveHtml": true,
        "saveJson": true,
        "consoleReporter": "spec",
        "useInlineDiffs": false,
        "code": true
      },
      "version": "7.1.4"
    },
    "marge": {
      "options": {
        "reportDir": "mochawesome-report/report_all",
        "reportFilename": "report_all"
      },
      "version": "6.3.0"
    }
  }
}