{
  "stats": {
    "suites": 1,
    "tests": 1,
    "passes": 1,
    "pending": 0,
    "failures": 0,
    "start": "2025-11-08T20:26:19.597Z",
    "end": "2025-11-08T20:26:25.829Z",
    "duration": 6232,
    "testsRegistered": 1,
    "passPercent": 100,
    "pendingPercent": 0,
    "other": 0,
    "hasOther": false,
    "skipped": 0,
    "hasSkipped": false
  },
  "results": [
    {
      "uuid": "fa9bb232-3d2f-4327-a7f8-fc7bdfe572db",
      "title": "",
      "fullFile": "D:\\projekan\\test_case\\tc02_login.test.js",
      "file": "\\test_case\\tc02_login.test.js",
      "beforeHooks": [],
      "afterHooks": [],
      "tests": [],
      "suites": [
        {
          "uuid": "13d68684-a945-4aa9-ad28-8dfc87405073",
          "title": "Login",
          "fullFile": "D:\\projekan\\test_case\\tc02_login.test.js",
          "file": "\\test_case\\tc02_login.test.js",
          "beforeHooks": [
            {
              "title": "\"before each\" hook in \"Login\"",
              "fullTitle": "Login \"before each\" hook in \"Login\"",
              "timedOut": false,
              "duration": 2539,
              "state": null,
              "speed": null,
              "pass": false,
              "fail": false,
              "pending": false,
              "context": null,
              "code": "driver = await new Builder()\n    .forBrowser('chrome')\n    .setChromeOptions(options)\n    .build();\nawait driver.manage().window().maximize();\nawait driver.get('https://parabank.parasoft.com/parabank/index.htm');",
              "err": {},
              "uuid": "5fd9fcde-7849-4271-8249-9be38bc4fbff",
              "parentUUID": "13d68684-a945-4aa9-ad28-8dfc87405073",
              "isHook": true,
              "skipped": false
            }
          ],
          "afterHooks": [
            {
              "title": "\"after each\" hook in \"Login\"",
              "fullTitle": "Login \"after each\" hook in \"Login\"",
              "timedOut": false,
              "duration": 2098,
              "state": null,
              "speed": null,
              "pass": false,
              "fail": false,
              "pending": false,
              "context": null,
              "code": "await driver.sleep(2000);\nawait driver.quit();",
              "err": {},
              "uuid": "e1ed3dbe-2b3b-4c49-8e1c-118143edaa7b",
              "parentUUID": "13d68684-a945-4aa9-ad28-8dfc87405073",
              "isHook": true,
              "skipped": false
            }
          ],
          "tests": [
            {
              "title": "Login",
              "fullTitle": "Login Login",
              "timedOut": false,
              "duration": 1586,
              "state": "passed",
              "speed": "slow",
              "pass": true,
              "fail": false,
              "pending": false,
              "context": null,
              "code": "const pageLogin = new Login(driver);\nawait pageLogin.inputnamanya(\"rehan001\", \"123\");\nconst isDisplayed = await pageLogin.akunOverview();\nassert.ok(isDisplayed.includes('Accounts Overview'));\nlet full_ss = await driver.takeScreenshot();\nfs.writeFileSync('report_ss/login/success_login.png', Buffer.from(full_ss, 'base64'));",
              "err": {},
              "uuid": "5426c95d-6cd1-4a18-9db1-4bb6614d6197",
              "parentUUID": "13d68684-a945-4aa9-ad28-8dfc87405073",
              "isHook": false,
              "skipped": false
            }
          ],
          "suites": [],
          "passes": [
            "5426c95d-6cd1-4a18-9db1-4bb6614d6197"
          ],
          "failures": [],
          "pending": [],
          "skipped": [],
          "duration": 1586,
          "root": false,
          "rootEmpty": false,
          "_timeout": 50000
        }
      ],
      "passes": [],
      "failures": [],
      "pending": [],
      "skipped": [],
      "duration": 0,
      "root": true,
      "rootEmpty": true,
      "_timeout": 2000
    }
  ],
  "meta": {
    "mocha": {
      "version": "11.7.4"
    },
    "mochawesome": {
      "options": {
        "quiet": false,
        "reportFilename": "tc02_login",
        "saveHtml": true,
        "saveJson": true,
        "consoleReporter": "spec",
        "useInlineDiffs": false,
        "code": true
      },
      "version": "7.1.4"
    },
    "marge": {
      "options": {
        "reportDir": "mochawesome-report/report_login",
        "reportFilename": "tc02_login"
      },
      "version": "6.3.0"
    }
  }
}