{
  "stats": {
    "suites": 1,
    "tests": 1,
    "passes": 1,
    "pending": 0,
    "failures": 0,
    "start": "2026-01-20T17:33:40.307Z",
    "end": "2026-01-20T17:33:46.521Z",
    "duration": 6214,
    "testsRegistered": 1,
    "passPercent": 100,
    "pendingPercent": 0,
    "other": 0,
    "hasOther": false,
    "skipped": 0,
    "hasSkipped": false
  },
  "results": [
    {
      "uuid": "78ffdc25-2a03-40d4-9f25-8d0c2ccd8917",
      "title": "",
      "fullFile": "D:\\Bootcamp QA\\projekan_bank\\test_case\\tc02_login.test.js",
      "file": "\\test_case\\tc02_login.test.js",
      "beforeHooks": [],
      "afterHooks": [],
      "tests": [],
      "suites": [
        {
          "uuid": "bb4b53f9-6e39-4e2b-85e0-c19ae86e7026",
          "title": "Login",
          "fullFile": "D:\\Bootcamp QA\\projekan_bank\\test_case\\tc02_login.test.js",
          "file": "\\test_case\\tc02_login.test.js",
          "beforeHooks": [
            {
              "title": "\"before each\" hook in \"Login\"",
              "fullTitle": "Login \"before each\" hook in \"Login\"",
              "timedOut": false,
              "duration": 1773,
              "state": null,
              "speed": null,
              "pass": false,
              "fail": false,
              "pending": false,
              "context": null,
              "code": "driver = await new Builder()\n    .forBrowser('chrome')\n    .setChromeOptions(options)\n    .build();\nawait driver.manage().window().maximize();\nawait driver.get('https://parabank.parasoft.com/parabank/index.htm');",
              "err": {},
              "uuid": "4d09420b-1346-41fa-9748-ddde7f77864a",
              "parentUUID": "bb4b53f9-6e39-4e2b-85e0-c19ae86e7026",
              "isHook": true,
              "skipped": false
            }
          ],
          "afterHooks": [
            {
              "title": "\"after each\" hook in \"Login\"",
              "fullTitle": "Login \"after each\" hook in \"Login\"",
              "timedOut": false,
              "duration": 2115,
              "state": null,
              "speed": null,
              "pass": false,
              "fail": false,
              "pending": false,
              "context": null,
              "code": "await driver.sleep(2000);\nawait driver.quit();",
              "err": {},
              "uuid": "abd52f16-27a0-4898-a9da-336a72652a80",
              "parentUUID": "bb4b53f9-6e39-4e2b-85e0-c19ae86e7026",
              "isHook": true,
              "skipped": false
            }
          ],
          "tests": [
            {
              "title": "Login",
              "fullTitle": "Login Login",
              "timedOut": false,
              "duration": 2316,
              "state": "passed",
              "speed": "slow",
              "pass": true,
              "fail": false,
              "pending": false,
              "context": null,
              "code": "const pageLogin = new Login(driver);\nawait pageLogin.inputnamanya(\"rehan16\", \"123\");\nconst isDisplayed = await pageLogin.akunOverview();\nassert.ok(isDisplayed.includes('Accounts Overview'));\nlet full_ss = await driver.takeScreenshot();\nfs.writeFileSync('report_ss/login/success_login.png', Buffer.from(full_ss, 'base64'));",
              "err": {},
              "uuid": "ab54ff1c-5ab7-4a4f-942b-7002aaf9bf1b",
              "parentUUID": "bb4b53f9-6e39-4e2b-85e0-c19ae86e7026",
              "isHook": false,
              "skipped": false
            }
          ],
          "suites": [],
          "passes": [
            "ab54ff1c-5ab7-4a4f-942b-7002aaf9bf1b"
          ],
          "failures": [],
          "pending": [],
          "skipped": [],
          "duration": 2316,
          "root": false,
          "rootEmpty": false,
          "_timeout": 50000
        }
      ],
      "passes": [],
      "failures": [],
      "pending": [],
      "skipped": [],
      "duration": 0,
      "root": true,
      "rootEmpty": true,
      "_timeout": 2000
    }
  ],
  "meta": {
    "mocha": {
      "version": "11.7.4"
    },
    "mochawesome": {
      "options": {
        "quiet": false,
        "reportFilename": "tc02_login",
        "saveHtml": true,
        "saveJson": true,
        "consoleReporter": "spec",
        "useInlineDiffs": false,
        "code": true
      },
      "version": "7.1.4"
    },
    "marge": {
      "options": {
        "reportDir": "mochawesome-report/report_login",
        "reportFilename": "tc02_login"
      },
      "version": "6.3.0"
    }
  }
}