{
  "stats": {
    "suites": 1,
    "tests": 1,
    "passes": 1,
    "pending": 0,
    "failures": 0,
    "start": "2025-11-08T19:30:52.904Z",
    "end": "2025-11-08T19:30:59.970Z",
    "duration": 7066,
    "testsRegistered": 1,
    "passPercent": 100,
    "pendingPercent": 0,
    "other": 0,
    "hasOther": false,
    "skipped": 0,
    "hasSkipped": false
  },
  "results": [
    {
      "uuid": "3247b303-2dc4-4c8f-8885-61570077d2e5",
      "title": "",
      "fullFile": "D:\\projekan\\test_case\\tc04_transfer.test.js",
      "file": "\\test_case\\tc04_transfer.test.js",
      "beforeHooks": [],
      "afterHooks": [],
      "tests": [],
      "suites": [
        {
          "uuid": "6f66c922-9b5e-402a-9fb8-1ac67e00f26e",
          "title": "Register",
          "fullFile": "D:\\projekan\\test_case\\tc04_transfer.test.js",
          "file": "\\test_case\\tc04_transfer.test.js",
          "beforeHooks": [
            {
              "title": "\"before all\" hook in \"Register\"",
              "fullTitle": "Register \"before all\" hook in \"Register\"",
              "timedOut": false,
              "duration": 3581,
              "state": null,
              "speed": null,
              "pass": false,
              "fail": false,
              "pending": false,
              "context": null,
              "code": "driver = await new Builder()\n    .forBrowser('chrome')\n    .setChromeOptions(options)\n    .build();\nawait driver.manage().window().maximize();\nawait driver.get('https://parabank.parasoft.com/parabank/index.htm');\nconst pageLogin = new Login(driver);\nawait pageLogin.inputnamanya(\"rehan03\", \"123\");",
              "err": {},
              "uuid": "d9cd3493-b860-4a88-b5c7-bf3b7d31f055",
              "parentUUID": "6f66c922-9b5e-402a-9fb8-1ac67e00f26e",
              "isHook": true,
              "skipped": false
            }
          ],
          "afterHooks": [
            {
              "title": "\"after all\" hook in \"Register\"",
              "fullTitle": "Register \"after all\" hook in \"Register\"",
              "timedOut": false,
              "duration": 2090,
              "state": null,
              "speed": null,
              "pass": false,
              "fail": false,
              "pending": false,
              "context": null,
              "code": "await driver.sleep(2000);\nawait driver.quit();",
              "err": {},
              "uuid": "83cd345f-5495-4317-b46a-915c9005bb52",
              "parentUUID": "6f66c922-9b5e-402a-9fb8-1ac67e00f26e",
              "isHook": true,
              "skipped": false
            }
          ],
          "tests": [
            {
              "title": "Transer",
              "fullTitle": "Register Transer",
              "timedOut": false,
              "duration": 1389,
              "state": "passed",
              "speed": "slow",
              "pass": true,
              "fail": false,
              "pending": false,
              "context": null,
              "code": "const pageTransfer = new formtransfer(driver);\nawait pageTransfer.Istransfersuccses(\"10\", \"15897\", \"16008\");\nconst text = await pageTransfer.suksestf();\n// console.log(\"DEBUG: teks yang muncul =\", text);\nassert.ok(text.includes('Transfer Complete!'), 'transfer gagal');\nlet full_ss = await driver.takeScreenshot();\nfs.writeFileSync('report_ss/transfer/sukses_tf.png', Buffer.from(full_ss, 'base64'));",
              "err": {},
              "uuid": "3f4f4ebd-01ee-4077-932b-9c036ddbd26d",
              "parentUUID": "6f66c922-9b5e-402a-9fb8-1ac67e00f26e",
              "isHook": false,
              "skipped": false
            }
          ],
          "suites": [],
          "passes": [
            "3f4f4ebd-01ee-4077-932b-9c036ddbd26d"
          ],
          "failures": [],
          "pending": [],
          "skipped": [],
          "duration": 1389,
          "root": false,
          "rootEmpty": false,
          "_timeout": 50000
        }
      ],
      "passes": [],
      "failures": [],
      "pending": [],
      "skipped": [],
      "duration": 0,
      "root": true,
      "rootEmpty": true,
      "_timeout": 2000
    }
  ],
  "meta": {
    "mocha": {
      "version": "11.7.4"
    },
    "mochawesome": {
      "options": {
        "quiet": false,
        "reportFilename": "tc04_transfer",
        "saveHtml": true,
        "saveJson": true,
        "consoleReporter": "spec",
        "useInlineDiffs": false,
        "code": true
      },
      "version": "7.1.4"
    },
    "marge": {
      "options": {
        "reportDir": "mochawesome-report/report_transfer",
        "reportFilename": "tc04_transfer"
      },
      "version": "6.3.0"
    }
  }
}