{
  "stats": {
    "suites": 1,
    "tests": 1,
    "passes": 1,
    "pending": 0,
    "failures": 0,
    "start": "2025-11-08T20:55:51.610Z",
    "end": "2025-11-08T20:55:58.434Z",
    "duration": 6824,
    "testsRegistered": 1,
    "passPercent": 100,
    "pendingPercent": 0,
    "other": 0,
    "hasOther": false,
    "skipped": 0,
    "hasSkipped": false
  },
  "results": [
    {
      "uuid": "e733b198-45e6-4336-9c5f-9c90b2711e3a",
      "title": "",
      "fullFile": "D:\\projekan\\test_case\\tc04_transfer.test.js",
      "file": "\\test_case\\tc04_transfer.test.js",
      "beforeHooks": [],
      "afterHooks": [],
      "tests": [],
      "suites": [
        {
          "uuid": "ce84d664-c02e-4e94-a920-3957d104f382",
          "title": "Transfer",
          "fullFile": "D:\\projekan\\test_case\\tc04_transfer.test.js",
          "file": "\\test_case\\tc04_transfer.test.js",
          "beforeHooks": [
            {
              "title": "\"before all\" hook in \"Transfer\"",
              "fullTitle": "Transfer \"before all\" hook in \"Transfer\"",
              "timedOut": false,
              "duration": 2774,
              "state": null,
              "speed": null,
              "pass": false,
              "fail": false,
              "pending": false,
              "context": null,
              "code": "driver = await new Builder()\n    .forBrowser('chrome')\n    .setChromeOptions(options)\n    .build();\nawait driver.manage().window().maximize();\nawait driver.get('https://parabank.parasoft.com/parabank/index.htm');\nconst pageLogin = new Login(driver);\nawait pageLogin.inputnamanya(\"rehan16\", \"123\");",
              "err": {},
              "uuid": "ccebbc14-8b2b-4bd5-8c81-68c6778d2047",
              "parentUUID": "ce84d664-c02e-4e94-a920-3957d104f382",
              "isHook": true,
              "skipped": false
            }
          ],
          "afterHooks": [
            {
              "title": "\"after all\" hook in \"Transfer\"",
              "fullTitle": "Transfer \"after all\" hook in \"Transfer\"",
              "timedOut": false,
              "duration": 2082,
              "state": null,
              "speed": null,
              "pass": false,
              "fail": false,
              "pending": false,
              "context": null,
              "code": "await driver.sleep(2000);\nawait driver.quit();",
              "err": {},
              "uuid": "97d938be-3526-44a4-8471-203f5ebf4271",
              "parentUUID": "ce84d664-c02e-4e94-a920-3957d104f382",
              "isHook": true,
              "skipped": false
            }
          ],
          "tests": [
            {
              "title": "Transer",
              "fullTitle": "Transfer Transer",
              "timedOut": false,
              "duration": 1961,
              "state": "passed",
              "speed": "slow",
              "pass": true,
              "fail": false,
              "pending": false,
              "context": null,
              "code": "const pageTransfer = new formtransfer(driver);\nawait pageTransfer.Istransfersuccses(\"10\", \"21780\", \"23334\");\nconst text = await pageTransfer.suksestf();\n// console.log(\"DEBUG: teks yang muncul =\", text);\nassert.ok(text.includes('Transfer Complete!'), 'transfer gagal');\nlet full_ss = await driver.takeScreenshot();\nfs.writeFileSync('report_ss/transfer/sukses_tf.png', Buffer.from(full_ss, 'base64'));",
              "err": {},
              "uuid": "4363b558-3a97-45fd-876d-e713b046e3a8",
              "parentUUID": "ce84d664-c02e-4e94-a920-3957d104f382",
              "isHook": false,
              "skipped": false
            }
          ],
          "suites": [],
          "passes": [
            "4363b558-3a97-45fd-876d-e713b046e3a8"
          ],
          "failures": [],
          "pending": [],
          "skipped": [],
          "duration": 1961,
          "root": false,
          "rootEmpty": false,
          "_timeout": 50000
        }
      ],
      "passes": [],
      "failures": [],
      "pending": [],
      "skipped": [],
      "duration": 0,
      "root": true,
      "rootEmpty": true,
      "_timeout": 2000
    }
  ],
  "meta": {
    "mocha": {
      "version": "11.7.4"
    },
    "mochawesome": {
      "options": {
        "quiet": false,
        "reportFilename": "tc04_transfer",
        "saveHtml": true,
        "saveJson": true,
        "consoleReporter": "spec",
        "useInlineDiffs": false,
        "code": true
      },
      "version": "7.1.4"
    },
    "marge": {
      "options": {
        "reportDir": "mochawesome-report/report_transfer",
        "reportFilename": "tc04_transfer"
      },
      "version": "6.3.0"
    }
  }
}