{
  "stats": {
    "suites": 1,
    "tests": 1,
    "passes": 0,
    "pending": 0,
    "failures": 1,
    "start": "2025-11-08T16:30:20.425Z",
    "end": "2025-11-08T16:30:29.640Z",
    "duration": 9215,
    "testsRegistered": 1,
    "passPercent": 0,
    "pendingPercent": 0,
    "other": 0,
    "hasOther": false,
    "skipped": 0,
    "hasSkipped": false
  },
  "results": [
    {
      "uuid": "9793e814-7b8a-46f4-9399-ef15e65e5c1b",
      "title": "",
      "fullFile": "D:\\projekan\\test_case\\tc01_register.test.js",
      "file": "\\test_case\\tc01_register.test.js",
      "beforeHooks": [],
      "afterHooks": [],
      "tests": [],
      "suites": [
        {
          "uuid": "a508c79c-70bb-4e26-932e-8e557bbbb360",
          "title": "Register",
          "fullFile": "D:\\projekan\\test_case\\tc01_register.test.js",
          "file": "\\test_case\\tc01_register.test.js",
          "beforeHooks": [
            {
              "title": "\"before each\" hook in \"Register\"",
              "fullTitle": "Register \"before each\" hook in \"Register\"",
              "timedOut": false,
              "duration": 2518,
              "state": null,
              "speed": null,
              "pass": false,
              "fail": false,
              "pending": false,
              "context": null,
              "code": "driver = await new Builder()\n    .forBrowser('chrome')\n    .setChromeOptions(options)\n    .build();\nawait driver.manage().window().maximize();\nawait driver.get('https://parabank.parasoft.com/parabank/index.htm');",
              "err": {},
              "uuid": "e9cb208a-996e-4501-b0d0-341e8c96a9eb",
              "parentUUID": "a508c79c-70bb-4e26-932e-8e557bbbb360",
              "isHook": true,
              "skipped": false
            }
          ],
          "afterHooks": [
            {
              "title": "\"after each\" hook in \"Register\"",
              "fullTitle": "Register \"after each\" hook in \"Register\"",
              "timedOut": false,
              "duration": 2132,
              "state": null,
              "speed": null,
              "pass": false,
              "fail": false,
              "pending": false,
              "context": null,
              "code": "await driver.sleep(2000);\nawait driver.quit();",
              "err": {},
              "uuid": "f75ddf85-93d1-401d-99c2-ddc1a090ea2c",
              "parentUUID": "a508c79c-70bb-4e26-932e-8e557bbbb360",
              "isHook": true,
              "skipped": false
            }
          ],
          "tests": [
            {
              "title": "Register",
              "fullTitle": "Register Register",
              "timedOut": false,
              "duration": 4555,
              "state": "failed",
              "speed": null,
              "pass": false,
              "fail": true,
              "pending": false,
              "context": null,
              "code": "const pageRegister = new registered(driver);\nawait pageRegister.registerr();\nawait pageRegister.inputnamaAwal(\"liiiii\");\nawait pageRegister.inputnamaAkhir(\"yono\");\nawait pageRegister.inputalamat(\"mangga 30\");\nawait pageRegister.inputkota(\"kota\");\nawait pageRegister.inputsetate(\"state\");\nawait pageRegister.inputkode(\"456\");\nawait pageRegister.inputnomorhp(\"456\");\nawait pageRegister.inputesesn(\"456\");\nawait pageRegister.putusername(\"ayam\");\nawait pageRegister.putpassword(\"123\");\nawait pageRegister.putrepetpass(\"123\");\nawait driver.sleep(3000);\nawait pageRegister.klikregisakhir();\nconst isDisplayed = await pageRegister.assertnya();\nassert.ok(isDisplayed.includes('Welcome ayam'), 'Nama welcome tidak sesuai');",
              "err": {
                "message": "AssertionError: Nama welcome tidak sesuai",
                "estack": "AssertionError [ERR_ASSERTION]: Nama welcome tidak sesuai\n    at Context.<anonymous> (file:///D:/projekan/test_case/tc01_register.test.js:49:16)\n    at process.processTicksAndRejections (node:internal/process/task_queues:105:5)",
                "diff": "- false\n+ true\n"
              },
              "uuid": "5d026173-59d7-48f9-87c8-daf4fd8c1c74",
              "parentUUID": "a508c79c-70bb-4e26-932e-8e557bbbb360",
              "isHook": false,
              "skipped": false
            }
          ],
          "suites": [],
          "passes": [],
          "failures": [
            "5d026173-59d7-48f9-87c8-daf4fd8c1c74"
          ],
          "pending": [],
          "skipped": [],
          "duration": 4555,
          "root": false,
          "rootEmpty": false,
          "_timeout": 50000
        }
      ],
      "passes": [],
      "failures": [],
      "pending": [],
      "skipped": [],
      "duration": 0,
      "root": true,
      "rootEmpty": true,
      "_timeout": 2000
    }
  ],
  "meta": {
    "mocha": {
      "version": "11.7.4"
    },
    "mochawesome": {
      "options": {
        "quiet": false,
        "reportFilename": "tc01_register",
        "saveHtml": true,
        "saveJson": true,
        "consoleReporter": "spec",
        "useInlineDiffs": false,
        "code": true
      },
      "version": "7.1.4"
    },
    "marge": {
      "options": {
        "reportDir": "mochawesome-report/report_register",
        "reportFilename": "tc01_register"
      },
      "version": "6.3.0"
    }
  }
}