{
  "stats": {
    "suites": 1,
    "tests": 1,
    "passes": 1,
    "pending": 0,
    "failures": 0,
    "start": "2025-11-08T19:19:52.126Z",
    "end": "2025-11-08T19:20:01.998Z",
    "duration": 9872,
    "testsRegistered": 1,
    "passPercent": 100,
    "pendingPercent": 0,
    "other": 0,
    "hasOther": false,
    "skipped": 0,
    "hasSkipped": false
  },
  "results": [
    {
      "uuid": "632fd159-3bb9-46d1-986d-d495ae9cdd0c",
      "title": "",
      "fullFile": "D:\\projekan\\test_case\\tc01_register.test.js",
      "file": "\\test_case\\tc01_register.test.js",
      "beforeHooks": [],
      "afterHooks": [],
      "tests": [],
      "suites": [
        {
          "uuid": "9b14a3b5-29fe-438b-aef4-fa60cdbeed34",
          "title": "Register",
          "fullFile": "D:\\projekan\\test_case\\tc01_register.test.js",
          "file": "\\test_case\\tc01_register.test.js",
          "beforeHooks": [
            {
              "title": "\"before each\" hook in \"Register\"",
              "fullTitle": "Register \"before each\" hook in \"Register\"",
              "timedOut": false,
              "duration": 2448,
              "state": null,
              "speed": null,
              "pass": false,
              "fail": false,
              "pending": false,
              "context": null,
              "code": "driver = await new Builder()\n    .forBrowser('chrome')\n    .setChromeOptions(options)\n    .build();\nawait driver.manage().window().maximize();\nawait driver.get('https://parabank.parasoft.com/parabank/index.htm');",
              "err": {},
              "uuid": "53036453-227a-46bb-bbab-f0024f6b9e16",
              "parentUUID": "9b14a3b5-29fe-438b-aef4-fa60cdbeed34",
              "isHook": true,
              "skipped": false
            }
          ],
          "afterHooks": [
            {
              "title": "\"after each\" hook in \"Register\"",
              "fullTitle": "Register \"after each\" hook in \"Register\"",
              "timedOut": false,
              "duration": 2119,
              "state": null,
              "speed": null,
              "pass": false,
              "fail": false,
              "pending": false,
              "context": null,
              "code": "await driver.sleep(2000);\nawait driver.quit();",
              "err": {},
              "uuid": "00001279-e582-4b73-8697-81ae5972c087",
              "parentUUID": "9b14a3b5-29fe-438b-aef4-fa60cdbeed34",
              "isHook": true,
              "skipped": false
            }
          ],
          "tests": [
            {
              "title": "Register",
              "fullTitle": "Register Register",
              "timedOut": false,
              "duration": 5297,
              "state": "passed",
              "speed": "slow",
              "pass": true,
              "fail": false,
              "pending": false,
              "context": null,
              "code": "const pageRegister = new registered(driver);\nawait pageRegister.registerr();\nawait pageRegister.inputnamaAwal(\"rehan\");\nawait pageRegister.inputnamaAkhir(\"naher\");\nawait pageRegister.inputalamat(\"Jl. Semangka No. 1\");\nawait pageRegister.inputkota(\"Jakarta\");\nawait pageRegister.inputsetate(\"Indonesia\");\nawait pageRegister.inputkode(\"123\");\nawait pageRegister.inputnomorhp(\"12345\");\nawait pageRegister.inputesesn(\"789\");\nawait pageRegister.putusername(\"rehan03\");\nawait pageRegister.putpassword(\"123\");\nawait pageRegister.putrepetpass(\"123\");\nawait driver.sleep(3000);\nawait pageRegister.klikregisakhir();\nconst isDisplayed = await pageRegister.assertnya();\nassert.ok(isDisplayed.includes('Welcome rehan03'), 'Nama welcome tidak sesuai');\nlet full_ss = await driver.takeScreenshot();\nfs.writeFileSync('report_ss/register/sucses_register.png', Buffer.from(full_ss, 'base64'));",
              "err": {},
              "uuid": "7be32c58-7b77-44af-b120-c67c460f9149",
              "parentUUID": "9b14a3b5-29fe-438b-aef4-fa60cdbeed34",
              "isHook": false,
              "skipped": false
            }
          ],
          "suites": [],
          "passes": [
            "7be32c58-7b77-44af-b120-c67c460f9149"
          ],
          "failures": [],
          "pending": [],
          "skipped": [],
          "duration": 5297,
          "root": false,
          "rootEmpty": false,
          "_timeout": 50000
        }
      ],
      "passes": [],
      "failures": [],
      "pending": [],
      "skipped": [],
      "duration": 0,
      "root": true,
      "rootEmpty": true,
      "_timeout": 2000
    }
  ],
  "meta": {
    "mocha": {
      "version": "11.7.4"
    },
    "mochawesome": {
      "options": {
        "quiet": false,
        "reportFilename": "tc01_register",
        "saveHtml": true,
        "saveJson": true,
        "consoleReporter": "spec",
        "useInlineDiffs": false,
        "code": true
      },
      "version": "7.1.4"
    },
    "marge": {
      "options": {
        "reportDir": "mochawesome-report/report_register",
        "reportFilename": "tc01_register"
      },
      "version": "6.3.0"
    }
  }
}