{
  "stats": {
    "suites": 1,
    "tests": 1,
    "passes": 1,
    "pending": 0,
    "failures": 0,
    "start": "2025-11-08T19:32:20.624Z",
    "end": "2025-11-08T19:32:27.766Z",
    "duration": 7142,
    "testsRegistered": 1,
    "passPercent": 100,
    "pendingPercent": 0,
    "other": 0,
    "hasOther": false,
    "skipped": 0,
    "hasSkipped": false
  },
  "results": [
    {
      "uuid": "9e35ffc9-8459-40d6-990f-ffbdf371232a",
      "title": "",
      "fullFile": "D:\\projekan\\test_case\\tc05_historiTransfer.test.js",
      "file": "\\test_case\\tc05_historiTransfer.test.js",
      "beforeHooks": [],
      "afterHooks": [],
      "tests": [],
      "suites": [
        {
          "uuid": "ec66562e-683f-43e1-ab6c-aff99c8ad5b4",
          "title": "Register",
          "fullFile": "D:\\projekan\\test_case\\tc05_historiTransfer.test.js",
          "file": "\\test_case\\tc05_historiTransfer.test.js",
          "beforeHooks": [
            {
              "title": "\"before all\" hook in \"Register\"",
              "fullTitle": "Register \"before all\" hook in \"Register\"",
              "timedOut": false,
              "duration": 3747,
              "state": null,
              "speed": null,
              "pass": false,
              "fail": false,
              "pending": false,
              "context": null,
              "code": "driver = await new Builder()\n    .forBrowser('chrome')\n    .setChromeOptions(options)\n    .build();\nawait driver.manage().window().maximize();\nawait driver.get('https://parabank.parasoft.com/parabank/index.htm');\nconst pageLogin = new Login(driver);\nawait pageLogin.inputnamanya(\"rehan03\", \"123\");",
              "err": {},
              "uuid": "23c55ee8-af14-49ba-9368-5d62acd305d0",
              "parentUUID": "ec66562e-683f-43e1-ab6c-aff99c8ad5b4",
              "isHook": true,
              "skipped": false
            }
          ],
          "afterHooks": [
            {
              "title": "\"after all\" hook in \"Register\"",
              "fullTitle": "Register \"after all\" hook in \"Register\"",
              "timedOut": false,
              "duration": 2098,
              "state": null,
              "speed": null,
              "pass": false,
              "fail": false,
              "pending": false,
              "context": null,
              "code": "await driver.sleep(2000);\nawait driver.quit();",
              "err": {},
              "uuid": "afee14f2-b96e-4589-a892-9853128fd067",
              "parentUUID": "ec66562e-683f-43e1-ab6c-aff99c8ad5b4",
              "isHook": true,
              "skipped": false
            }
          ],
          "tests": [
            {
              "title": "Histori transfer",
              "fullTitle": "Register Histori transfer",
              "timedOut": false,
              "duration": 1283,
              "state": "passed",
              "speed": "slow",
              "pass": true,
              "fail": false,
              "pending": false,
              "context": null,
              "code": "const PageRiwayat = new Historitf(driver);\nawait PageRiwayat.riwayatTf(\"15897\", \"10\");\nconst isDisplayed = await PageRiwayat.viewDisplay();\nassert.ok(isDisplayed.includes('Transaction Results'));\nlet full_ss = await driver.takeScreenshot();\nfs.writeFileSync('report_ss/histori_tf/result_transaction.png', Buffer.from(full_ss, 'base64'));",
              "err": {},
              "uuid": "c8d1bffb-158b-4e1a-9b4a-af2a6ac3a3bc",
              "parentUUID": "ec66562e-683f-43e1-ab6c-aff99c8ad5b4",
              "isHook": false,
              "skipped": false
            }
          ],
          "suites": [],
          "passes": [
            "c8d1bffb-158b-4e1a-9b4a-af2a6ac3a3bc"
          ],
          "failures": [],
          "pending": [],
          "skipped": [],
          "duration": 1283,
          "root": false,
          "rootEmpty": false,
          "_timeout": 50000
        }
      ],
      "passes": [],
      "failures": [],
      "pending": [],
      "skipped": [],
      "duration": 0,
      "root": true,
      "rootEmpty": true,
      "_timeout": 2000
    }
  ],
  "meta": {
    "mocha": {
      "version": "11.7.4"
    },
    "mochawesome": {
      "options": {
        "quiet": false,
        "reportFilename": "tc05_historiTransfer",
        "saveHtml": true,
        "saveJson": true,
        "consoleReporter": "spec",
        "useInlineDiffs": false,
        "code": true
      },
      "version": "7.1.4"
    },
    "marge": {
      "options": {
        "reportDir": "mochawesome-report/report_historiTransfer",
        "reportFilename": "tc05_historiTransfer"
      },
      "version": "6.3.0"
    }
  }
}