{
  "stats": {
    "suites": 1,
    "tests": 1,
    "passes": 1,
    "pending": 0,
    "failures": 0,
    "start": "2025-11-08T20:19:58.437Z",
    "end": "2025-11-08T20:20:05.349Z",
    "duration": 6912,
    "testsRegistered": 1,
    "passPercent": 100,
    "pendingPercent": 0,
    "other": 0,
    "hasOther": false,
    "skipped": 0,
    "hasSkipped": false
  },
  "results": [
    {
      "uuid": "02fa317e-a93a-43a1-b8d4-5e78f234787b",
      "title": "",
      "fullFile": "D:\\projekan\\test_case\\tc05_historiTransfer.test.js",
      "file": "\\test_case\\tc05_historiTransfer.test.js",
      "beforeHooks": [],
      "afterHooks": [],
      "tests": [],
      "suites": [
        {
          "uuid": "a080f9d1-9e1e-4a49-88ee-c7f87f193ad6",
          "title": "Histori Transfer",
          "fullFile": "D:\\projekan\\test_case\\tc05_historiTransfer.test.js",
          "file": "\\test_case\\tc05_historiTransfer.test.js",
          "beforeHooks": [
            {
              "title": "\"before all\" hook in \"Histori Transfer\"",
              "fullTitle": "Histori Transfer \"before all\" hook in \"Histori Transfer\"",
              "timedOut": false,
              "duration": 3240,
              "state": null,
              "speed": null,
              "pass": false,
              "fail": false,
              "pending": false,
              "context": null,
              "code": "driver = await new Builder()\n    .forBrowser('chrome')\n    .setChromeOptions(options)\n    .build();\nawait driver.manage().window().maximize();\nawait driver.get('https://parabank.parasoft.com/parabank/index.htm');\nconst pageLogin = new Login(driver);\nawait pageLogin.inputnamanya(\"rehan03\", \"123\");",
              "err": {},
              "uuid": "64277be6-45e8-422e-a273-0e5050702953",
              "parentUUID": "a080f9d1-9e1e-4a49-88ee-c7f87f193ad6",
              "isHook": true,
              "skipped": false
            }
          ],
          "afterHooks": [
            {
              "title": "\"after all\" hook in \"Histori Transfer\"",
              "fullTitle": "Histori Transfer \"after all\" hook in \"Histori Transfer\"",
              "timedOut": false,
              "duration": 2073,
              "state": null,
              "speed": null,
              "pass": false,
              "fail": false,
              "pending": false,
              "context": null,
              "code": "await driver.sleep(2000);\nawait driver.quit();",
              "err": {},
              "uuid": "42bcca6a-18d2-4afe-a712-db685c7fd432",
              "parentUUID": "a080f9d1-9e1e-4a49-88ee-c7f87f193ad6",
              "isHook": true,
              "skipped": false
            }
          ],
          "tests": [
            {
              "title": "Histori transfer",
              "fullTitle": "Histori Transfer Histori transfer",
              "timedOut": false,
              "duration": 1594,
              "state": "passed",
              "speed": "slow",
              "pass": true,
              "fail": false,
              "pending": false,
              "context": null,
              "code": "const PageRiwayat = new Historitf(driver);\nawait PageRiwayat.riwayatTf(\"15897\", \"10\");\nconst isDisplayed = await PageRiwayat.viewDisplay();\nassert.ok(isDisplayed.includes('Transaction Results'));\nlet full_ss = await driver.takeScreenshot();\nfs.writeFileSync('report_ss/histori_tf/result_transaction.png', Buffer.from(full_ss, 'base64'));",
              "err": {},
              "uuid": "cbb0b9ba-d351-4d19-9330-d95f43ae298f",
              "parentUUID": "a080f9d1-9e1e-4a49-88ee-c7f87f193ad6",
              "isHook": false,
              "skipped": false
            }
          ],
          "suites": [],
          "passes": [
            "cbb0b9ba-d351-4d19-9330-d95f43ae298f"
          ],
          "failures": [],
          "pending": [],
          "skipped": [],
          "duration": 1594,
          "root": false,
          "rootEmpty": false,
          "_timeout": 50000
        }
      ],
      "passes": [],
      "failures": [],
      "pending": [],
      "skipped": [],
      "duration": 0,
      "root": true,
      "rootEmpty": true,
      "_timeout": 2000
    }
  ],
  "meta": {
    "mocha": {
      "version": "11.7.4"
    },
    "mochawesome": {
      "options": {
        "quiet": false,
        "reportFilename": "tc05_historiTransfer",
        "saveHtml": true,
        "saveJson": true,
        "consoleReporter": "spec",
        "useInlineDiffs": false,
        "code": true
      },
      "version": "7.1.4"
    },
    "marge": {
      "options": {
        "reportDir": "mochawesome-report/report_historiTransfer",
        "reportFilename": "tc05_historiTransfer"
      },
      "version": "6.3.0"
    }
  }
}