{
  "stats": {
    "suites": 1,
    "tests": 2,
    "passes": 2,
    "pending": 0,
    "failures": 0,
    "start": "2025-11-08T19:33:20.381Z",
    "end": "2025-11-08T19:33:28.569Z",
    "duration": 8188,
    "testsRegistered": 2,
    "passPercent": 100,
    "pendingPercent": 0,
    "other": 0,
    "hasOther": false,
    "skipped": 0,
    "hasSkipped": false
  },
  "results": [
    {
      "uuid": "4dc19d40-8bfb-41a5-94a6-04e0d3d53228",
      "title": "",
      "fullFile": "D:\\projekan\\test_case\\tc06_pinjaman.test.js",
      "file": "\\test_case\\tc06_pinjaman.test.js",
      "beforeHooks": [],
      "afterHooks": [],
      "tests": [],
      "suites": [
        {
          "uuid": "39efa13f-f8af-486c-98e3-c9cf6d4d48ca",
          "title": "Register",
          "fullFile": "D:\\projekan\\test_case\\tc06_pinjaman.test.js",
          "file": "\\test_case\\tc06_pinjaman.test.js",
          "beforeHooks": [
            {
              "title": "\"before all\" hook in \"Register\"",
              "fullTitle": "Register \"before all\" hook in \"Register\"",
              "timedOut": false,
              "duration": 3290,
              "state": null,
              "speed": null,
              "pass": false,
              "fail": false,
              "pending": false,
              "context": null,
              "code": "driver = await new Builder()\n    .forBrowser('chrome')\n    .setChromeOptions(options)\n    .build();\nawait driver.manage().window().maximize();\nawait driver.get('https://parabank.parasoft.com/parabank/index.htm');\nconst baru1 = new Login(driver);\nawait baru1.inputnamanya(\"rehan03\", \"123\");",
              "err": {},
              "uuid": "3aba6b39-82e1-4a05-add4-b6f997ac6960",
              "parentUUID": "39efa13f-f8af-486c-98e3-c9cf6d4d48ca",
              "isHook": true,
              "skipped": false
            }
          ],
          "afterHooks": [
            {
              "title": "\"after all\" hook in \"Register\"",
              "fullTitle": "Register \"after all\" hook in \"Register\"",
              "timedOut": false,
              "duration": 2120,
              "state": null,
              "speed": null,
              "pass": false,
              "fail": false,
              "pending": false,
              "context": null,
              "code": "await driver.sleep(2000);\nawait driver.quit();",
              "err": {},
              "uuid": "9bff7ce7-35d2-4d79-930f-35c7c86c3984",
              "parentUUID": "39efa13f-f8af-486c-98e3-c9cf6d4d48ca",
              "isHook": true,
              "skipped": false
            }
          ],
          "tests": [
            {
              "title": "Pinjaman Disetujui",
              "fullTitle": "Register Pinjaman Disetujui",
              "timedOut": false,
              "duration": 1407,
              "state": "passed",
              "speed": "slow",
              "pass": true,
              "fail": false,
              "pending": false,
              "context": null,
              "code": "const page_pinjaman = new pagePinjaman(driver);\nconst inputto = await page_pinjaman.isLoanSucces(\"100\", \"10\", \"15897\");\nassert.ok(inputto.resultTitle.includes('Approved'), 'gagal di approve');\nconsole.log(\"Status:\", inputto.resultTitle);\nlet full_ss = await driver.takeScreenshot();\nfs.writeFileSync('report_ss/pinjaman/loan_approve.png', Buffer.from(full_ss, 'base64'));",
              "err": {},
              "uuid": "fbafdc6d-ee58-49ad-a4cf-8af050aebc68",
              "parentUUID": "39efa13f-f8af-486c-98e3-c9cf6d4d48ca",
              "isHook": false,
              "skipped": false
            },
            {
              "title": "Pinjaman Ditolak",
              "fullTitle": "Register Pinjaman Ditolak",
              "timedOut": false,
              "duration": 1360,
              "state": "passed",
              "speed": "slow",
              "pass": true,
              "fail": false,
              "pending": false,
              "context": null,
              "code": "const page_pinjaman = new pagePinjaman(driver);\nconst inputto = await page_pinjaman.isLoanSucces(\"10000000\", \"10\", \"16119\");\nassert.ok(inputto.resultTitle.includes('Denied'), 'gagal di denied');\nconsole.log(\"Status:\", inputto.resultTitle); //assert\nlet full_ss = await driver.takeScreenshot();\nfs.writeFileSync('report_ss/pinjaman/loan_denied.png', Buffer.from(full_ss, 'base64'));",
              "err": {},
              "uuid": "0a99c11c-96b3-467c-a342-6d23569f46c8",
              "parentUUID": "39efa13f-f8af-486c-98e3-c9cf6d4d48ca",
              "isHook": false,
              "skipped": false
            }
          ],
          "suites": [],
          "passes": [
            "fbafdc6d-ee58-49ad-a4cf-8af050aebc68",
            "0a99c11c-96b3-467c-a342-6d23569f46c8"
          ],
          "failures": [],
          "pending": [],
          "skipped": [],
          "duration": 2767,
          "root": false,
          "rootEmpty": false,
          "_timeout": 50000
        }
      ],
      "passes": [],
      "failures": [],
      "pending": [],
      "skipped": [],
      "duration": 0,
      "root": true,
      "rootEmpty": true,
      "_timeout": 2000
    }
  ],
  "meta": {
    "mocha": {
      "version": "11.7.4"
    },
    "mochawesome": {
      "options": {
        "quiet": false,
        "reportFilename": "tc06_pinjaman",
        "saveHtml": true,
        "saveJson": true,
        "consoleReporter": "spec",
        "useInlineDiffs": false,
        "code": true
      },
      "version": "7.1.4"
    },
    "marge": {
      "options": {
        "reportDir": "mochawesome-report/report_pinjaman",
        "reportFilename": "tc06_pinjaman"
      },
      "version": "6.3.0"
    }
  }
}